PROC     COMM             PID    FD     ERR    FNAME           
PROC:    containerd-shim  46011  0      0      /usr/bin/runc   
PROC:    containerd-shim  46011  0      0      /usr/lib/x86_64-linux-gnu/ld-linux-x86-64.so.2
PROC:    runc             46011  0      0      /etc/ld.so.cache
PROC:    runc             46011  0      0      /usr/lib/x86_64-linux-gnu/libseccomp.so.2.5.4
PROC:    runc             46011  0      0      /usr/lib/x86_64-linux-gnu/libc.so.6
PROC:    runc             46011  0      0      /sys/kernel/mm/transparent_hugepage/hpage_pmd_size
PROC:    runc             46011  0      0      /usr/bin/runc   
PROC:    runc             46011  0      0      /proc/sys/kernel/cap_last_cap
PROC:    runc             46011  0      0      /run/containerd/io.containerd.runtime.v2.task/moby/c1051863c8ba388befdb0baf81a24c791666b2511dcc3f99f39fd3f93cc6b836/log.json
PROC:    runc             46011  0      0      /proc/cpuinfo   
PROC:    runc             46011  0      0      /proc/46011/mountinfo
PROC:    runc             46011  0      0      /run/docker/runtime-runc/moby/c1051863c8ba388befdb0baf81a24c791666b2511dcc3f99f39fd3f93cc6b836/state.json
PROC:    runc             46011  0      0      /sys/fs/cgroup/system.slice/docker-c1051863c8ba388befdb0baf81a24c791666b2511dcc3f99f39fd3f93cc6b836.scope/cgroup.freeze
PROC:    runc             46011  0      0      /proc/45834/stat
PROC:    runc             46011  0      0      /sys/fs/cgroup/system.slice/docker-c1051863c8ba388befdb0baf81a24c791666b2511dcc3f99f39fd3f93cc6b836.scope/cgroup.freeze
PROC:    runc             46011  0      0      /proc/45834/stat
PROC:    runc             46011  0      0      /tmp/runc-process87558306
PROC:    runc             46011  0      0      /sys/fs/cgroup/system.slice/docker-c1051863c8ba388befdb0baf81a24c791666b2511dcc3f99f39fd3f93cc6b836.scope/memory.events
PROC:    runc             46020  0      0      /usr/bin/runc   
PROC:    runc             46020  0      0      /usr/lib/x86_64-linux-gnu/ld-linux-x86-64.so.2
PROC:    exe              46020  0      0      /etc/ld.so.cache
PROC:    exe              46020  0      0      /usr/lib/x86_64-linux-gnu/libseccomp.so.2.5.4
PROC:    exe              46020  0      0      /usr/lib/x86_64-linux-gnu/libc.so.6
PROC:    exe              46020  0      0      /usr/bin/runc   
PROC:    exe              46020  0      0      /proc/46020/cmdline
PROC:    exe              46020  0      0      /run/docker/runtime-runc/moby/c1051863c8ba388befdb0baf81a24c791666b2511dcc3f99f39fd3f93cc6b836/runc.4bqtW8
PROC:    exe              46020  0      0      /proc/self/exe  
PROC:    exe              46020  0      0                      
PROC:    exe              46020  0      0      /               
PROC:    exe              46020  0      0      /usr/lib/x86_64-linux-gnu/ld-linux-x86-64.so.2
PROC:    5                46020  0      0      /etc/ld.so.cache
PROC:    5                46020  0      0      /usr/lib/x86_64-linux-gnu/libseccomp.so.2.5.4
PROC:    5                46020  0      0      /usr/lib/x86_64-linux-gnu/libc.so.6
PROC:    5                46020  0      0      /               
PROC:    5                46020  0      0      /proc/46020/oom_score_adj
PROC:    runc:[1:CHILD]   46023  0      0      ipc:[4026532711]
PROC:    runc:[1:CHILD]   46023  0      0      uts:[4026532710]
PROC:    runc:[1:CHILD]   46023  0      0      net:[4026532713]
PROC:    runc:[1:CHILD]   46023  0      0      pid:[4026532712]
PROC:    runc:[1:CHILD]   46023  0      0      mnt:[4026532709]
PROC:    runc:[1:CHILD]   46023  0      0      cgroup:[4026532879]
PROC:    runc:[2:INIT]    46024  0      0      /sys/kernel/mm/transparent_hugepage/hpage_pmd_size
PROC:    runc             46011  0      0      /sys/fs/cgroup/system.slice/docker-c1051863c8ba388befdb0baf81a24c791666b2511dcc3f99f39fd3f93cc6b836.scope/cgroup.procs
PROC:    runc:[2:INIT]    46024  0      0      /               
PROC:    runc:[2:INIT]    46024  0      0      /               
PROC:    runc:[2:INIT]    46024  0      0      /proc/sys/kernel/cap_last_cap
PROC:    runc:[2:INIT]    46024  0      0      /proc/filesystems
PROC:    runc:[2:INIT]    46024  0      0      /proc/9/fd      
PROC:    runc:[2:INIT]    46024  0      0      /proc/9/status  
PROC:    runc:[2:INIT]    46024  0      0      /etc/passwd     
PROC:    runc:[2:INIT]    46024  0      0      /etc/passwd     
PROC:    runc:[2:INIT]    46024  0      0      /etc/group      
PROC:    runc:[2:INIT]    46024  0      0      /etc/group      
PROC:    runc:[2:INIT]    46024  0      0      /etc/group      
PROC:    runc:[2:INIT]    46024  0      0      /etc/group      
PROC:    runc:[2:INIT]    46024  0      0      /proc/9/setgroups
PROC:    runc:[2:INIT]    46024  0      0      /usr/bin/bash   
PROC:    runc:[2:INIT]    46024  0      0      /usr/bin/bash   
PROC:    runc:[2:INIT]    46024  0      0      /usr/lib/x86_64-linux-gnu/ld-linux-x86-64.so.2
PROC:    runc:[2:INIT]    46024  0      0      /usr/lib/x86_64-linux-gnu/ld-linux-x86-64.so.2
PROC:    runc             46011  0      0      /run/containerd/io.containerd.runtime.v2.task/moby/c1051863c8ba388befdb0baf81a24c791666b2511dcc3f99f39fd3f93cc6b836/.cf3d5460b3748245daa74949891c05e2474a97535c8a0ce209f67ea26cffbfbe.pid
PROC:    bash             46024  0      0      /etc/ld.so.cache
PROC:    bash             46024  0      0      /etc/ld.so.cache
PROC:    bash             46024  0      0      /usr/lib/x86_64-linux-gnu/libtinfo.so.6.3
PROC:    bash             46024  0      0      /usr/lib/x86_64-linux-gnu/libtinfo.so.6.3
PROC:    bash             46024  0      0      /usr/lib/x86_64-linux-gnu/libc.so.6
PROC:    bash             46024  0      0      /usr/lib/x86_64-linux-gnu/libc.so.6
PROC:    bash             46024  0      0      /dev/tty        
PROC:    bash             46024  0      0      /etc/nsswitch.conf
PROC:    bash             46024  0      0      /etc/nsswitch.conf
PROC:    bash             46024  0      0      /etc/passwd     
PROC:    bash             46024  0      0      /etc/passwd     
PROC:    containerd-shim  46052  0      0      /usr/bin/runc   
PROC:    containerd-shim  46052  0      0      /usr/lib/x86_64-linux-gnu/ld-linux-x86-64.so.2
PROC:    runc             46052  0      0      /etc/ld.so.cache
PROC:    runc             46052  0      0      /usr/lib/x86_64-linux-gnu/libseccomp.so.2.5.4
PROC:    runc             46052  0      0      /usr/lib/x86_64-linux-gnu/libc.so.6
PROC:    runc             46052  0      0      /sys/kernel/mm/transparent_hugepage/hpage_pmd_size
PROC:    runc             46052  0      0      /usr/bin/runc   
PROC:    runc             46052  0      0      /proc/sys/kernel/cap_last_cap
PROC:    runc             46052  0      0      /run/containerd/io.containerd.runtime.v2.task/moby/c1051863c8ba388befdb0baf81a24c791666b2511dcc3f99f39fd3f93cc6b836/log.json
PROC:    runc             46052  0      0      /proc/cpuinfo   
PROC:    runc             46052  0      0      /proc/46052/mountinfo
PROC:    runc             46052  0      0      /run/docker/runtime-runc/moby/c1051863c8ba388befdb0baf81a24c791666b2511dcc3f99f39fd3f93cc6b836/state.json
PROC:    runc             46052  0      0      /sys/fs/cgroup/system.slice/docker-c1051863c8ba388befdb0baf81a24c791666b2511dcc3f99f39fd3f93cc6b836.scope/cgroup.freeze
PROC:    runc             46052  0      0      /proc/45834/stat
PROC:    runc             46052  0      0      /sys/fs/cgroup/system.slice/docker-c1051863c8ba388befdb0baf81a24c791666b2511dcc3f99f39fd3f93cc6b836.scope/cgroup.freeze
PROC:    runc             46052  0      0      /proc/45834/stat
PROC:    runc             46052  0      0      /tmp/runc-process661967681
PROC:    runc             46052  0      0      /sys/fs/cgroup/system.slice/docker-c1051863c8ba388befdb0baf81a24c791666b2511dcc3f99f39fd3f93cc6b836.scope/memory.events
PROC:    runc             46052  0      0      /dev/null       
PROC:    runc             46052  0      0      /dev/null       
PROC:    runc             46052  0      0      /dev/null       
PROC:    runc             46060  0      0      /usr/bin/runc   
PROC:    runc             46060  0      0      /usr/lib/x86_64-linux-gnu/ld-linux-x86-64.so.2
PROC:    exe              46060  0      0      /etc/ld.so.cache
PROC:    exe              46060  0      0      /usr/lib/x86_64-linux-gnu/libseccomp.so.2.5.4
PROC:    exe              46060  0      0      /usr/lib/x86_64-linux-gnu/libc.so.6
PROC:    exe              46060  0      0      /usr/bin/runc   
PROC:    exe              46060  0      0      /proc/46060/cmdline
PROC:    exe              46060  0      0      /run/docker/runtime-runc/moby/c1051863c8ba388befdb0baf81a24c791666b2511dcc3f99f39fd3f93cc6b836/runc.KzW6C7
PROC:    exe              46060  0      0      /proc/self/exe  
PROC:    exe              46060  0      0                      
PROC:    exe              46060  0      0      /               
PROC:    exe              46060  0      0      /usr/lib/x86_64-linux-gnu/ld-linux-x86-64.so.2
PROC:    6                46060  0      0      /etc/ld.so.cache
PROC:    6                46060  0      0      /usr/lib/x86_64-linux-gnu/libseccomp.so.2.5.4
PROC:    6                46060  0      0      /usr/lib/x86_64-linux-gnu/libc.so.6
PROC:    6                46060  0      0      /               
PROC:    6                46060  0      0      /proc/46060/oom_score_adj
PROC:    runc:[1:CHILD]   46062  0      0      ipc:[4026532711]
PROC:    runc:[1:CHILD]   46062  0      0      uts:[4026532710]
PROC:    runc:[1:CHILD]   46062  0      0      net:[4026532713]
PROC:    runc:[1:CHILD]   46062  0      0      pid:[4026532712]
PROC:    runc:[1:CHILD]   46062  0      0      mnt:[4026532709]
PROC:    runc:[1:CHILD]   46062  0      0      cgroup:[4026532879]
PROC:    runc             46052  0      0      /sys/fs/cgroup/system.slice/docker-c1051863c8ba388befdb0baf81a24c791666b2511dcc3f99f39fd3f93cc6b836.scope/cgroup.procs
PROC:    runc:[2:INIT]    46063  0      0      /sys/kernel/mm/transparent_hugepage/hpage_pmd_size
PROC:    runc:[2:INIT]    46063  0      0      /               
PROC:    runc:[2:INIT]    46063  0      0      /               
PROC:    runc:[2:INIT]    46063  0      0      /proc/sys/kernel/cap_last_cap
PROC:    runc:[2:INIT]    46063  0      0      /proc/filesystems
PROC:    runc:[2:INIT]    46063  0      0      /dev/pts/ptmx   
PROC:    runc:[2:INIT]    46063  0      0      /dev/pts/1      
PROC:    runc:[2:INIT]    46063  0      0      /proc/15/fd     
PROC:    runc:[2:INIT]    46063  0      0      /proc/15/status 
PROC:    runc:[2:INIT]    46063  0      0      /etc/passwd     
PROC:    runc:[2:INIT]    46063  0      0      /etc/passwd     
PROC:    runc:[2:INIT]    46063  0      0      /etc/group      
PROC:    runc:[2:INIT]    46063  0      0      /etc/group      
PROC:    runc:[2:INIT]    46063  0      0      /etc/group      
PROC:    runc:[2:INIT]    46063  0      0      /etc/group      
PROC:    runc:[2:INIT]    46063  0      0      /proc/15/setgroups
PROC:    runc:[2:INIT]    46063  0      0      /usr/bin/bash   
PROC:    runc:[2:INIT]    46063  0      0      /usr/bin/bash   
PROC:    runc:[2:INIT]    46063  0      0      /usr/lib/x86_64-linux-gnu/ld-linux-x86-64.so.2
PROC:    runc:[2:INIT]    46063  0      0      /usr/lib/x86_64-linux-gnu/ld-linux-x86-64.so.2
PROC:    bash             46063  0      0      /etc/ld.so.cache
PROC:    bash             46063  0      0      /etc/ld.so.cache
PROC:    bash             46063  0      0      /usr/lib/x86_64-linux-gnu/libtinfo.so.6.3
PROC:    bash             46063  0      0      /usr/lib/x86_64-linux-gnu/libtinfo.so.6.3
PROC:    bash             46063  0      0      /usr/lib/x86_64-linux-gnu/libc.so.6
PROC:    bash             46063  0      0      /usr/lib/x86_64-linux-gnu/libc.so.6
PROC:    bash             46063  0      0      /dev/tty        
PROC:    bash             46063  0      0      /etc/nsswitch.conf
PROC:    bash             46063  0      0      /etc/nsswitch.conf
PROC:    bash             46063  0      0      /etc/passwd     
PROC:    bash             46063  0      0      /etc/passwd     
PROC:    bash             46063  0      0      /usr/lib/terminfo/x/xterm
PROC:    bash             46063  0      0      /usr/lib/terminfo/x/xterm
PROC:    bash             46063  0      0      /etc/bash.bashrc
PROC:    bash             46063  0      0      /etc/bash.bashrc
PROC:    runc             46052  0      0      /run/containerd/io.containerd.runtime.v2.task/moby/c1051863c8ba388befdb0baf81a24c791666b2511dcc3f99f39fd3f93cc6b836/.dbaa8b66134dc01dd434d5c05a34f28c8977ae3637d2353c245e55911068249c.pid
PROC:    bash             46071  0      0      /usr/bin/groups 
PROC:    bash             46071  0      0      /usr/bin/groups 
PROC:    bash             46071  0      0      /usr/lib/x86_64-linux-gnu/ld-linux-x86-64.so.2
PROC:    bash             46071  0      0      /usr/lib/x86_64-linux-gnu/ld-linux-x86-64.so.2
PROC:    groups           46071  0      0      /etc/ld.so.cache
PROC:    groups           46071  0      0      /etc/ld.so.cache
PROC:    groups           46071  0      0      /usr/lib/x86_64-linux-gnu/libc.so.6
PROC:    groups           46071  0      0      /usr/lib/x86_64-linux-gnu/libc.so.6
PROC:    groups           46071  0      0      /etc/nsswitch.conf
PROC:    groups           46071  0      0      /etc/nsswitch.conf
PROC:    groups           46071  0      0      /etc/group      
PROC:    groups           46071  0      0      /etc/group      
PROC:    bash             46063  0      0      /root/.bashrc   
PROC:    bash             46063  0      0      /root/.bashrc   
PROC:    bash             46072  0      0      /usr/bin/dircolors
PROC:    bash             46072  0      0      /usr/bin/dircolors
PROC:    bash             46072  0      0      /usr/lib/x86_64-linux-gnu/ld-linux-x86-64.so.2
PROC:    bash             46072  0      0      /usr/lib/x86_64-linux-gnu/ld-linux-x86-64.so.2
PROC:    dircolors        46072  0      0      /etc/ld.so.cache
PROC:    dircolors        46072  0      0      /etc/ld.so.cache
PROC:    dircolors        46072  0      0      /usr/lib/x86_64-linux-gnu/libc.so.6
PROC:    dircolors        46072  0      0      /usr/lib/x86_64-linux-gnu/libc.so.6
PROC:    bash             46103  0      0      /usr/bin/cat    
PROC:    bash             46103  0      0      /usr/bin/cat    
PROC:    bash             46103  0      0      /usr/lib/x86_64-linux-gnu/ld-linux-x86-64.so.2
PROC:    bash             46103  0      0      /usr/lib/x86_64-linux-gnu/ld-linux-x86-64.so.2
PROC:    cat              46103  0      0      /etc/ld.so.cache
PROC:    cat              46103  0      0      /etc/ld.so.cache
PROC:    cat              46103  0      0      /usr/lib/x86_64-linux-gnu/libc.so.6
PROC:    cat              46103  0      0      /usr/lib/x86_64-linux-gnu/libc.so.6
[ERROR] pid: 46103 file/mount error!
PROC:    cat              46103  -1     1      /etc/shadow     
PROC:    bash             46184  0      0      /usr/bin/mkdir  
PROC:    bash             46184  0      0      /usr/bin/mkdir  
PROC:    bash             46184  0      0      /usr/lib/x86_64-linux-gnu/ld-linux-x86-64.so.2
PROC:    bash             46184  0      0      /usr/lib/x86_64-linux-gnu/ld-linux-x86-64.so.2
PROC:    mkdir            46184  0      0      /etc/ld.so.cache
PROC:    mkdir            46184  0      0      /etc/ld.so.cache
PROC:    mkdir            46184  0      0      /usr/lib/x86_64-linux-gnu/libselinux.so.1
PROC:    mkdir            46184  0      0      /usr/lib/x86_64-linux-gnu/libselinux.so.1
PROC:    mkdir            46184  0      0      /usr/lib/x86_64-linux-gnu/libc.so.6
PROC:    mkdir            46184  0      0      /usr/lib/x86_64-linux-gnu/libc.so.6
PROC:    mkdir            46184  0      0      /usr/lib/x86_64-linux-gnu/libpcre2-8.so.0.10.4
PROC:    mkdir            46184  0      0      /usr/lib/x86_64-linux-gnu/libpcre2-8.so.0.10.4
PROC:    mkdir            46184  0      0      /proc/filesystems
PROC:    bash             46185  0      0      /usr/bin/mount  
PROC:    bash             46185  0      0      /usr/bin/mount  
PROC:    bash             46185  0      0      /usr/lib/x86_64-linux-gnu/ld-linux-x86-64.so.2
PROC:    bash             46185  0      0      /usr/lib/x86_64-linux-gnu/ld-linux-x86-64.so.2
PROC:    mount            46185  0      0      /etc/ld.so.cache
PROC:    mount            46185  0      0      /etc/ld.so.cache
PROC:    mount            46185  0      0      /usr/lib/x86_64-linux-gnu/libmount.so.1.1.0
PROC:    mount            46185  0      0      /usr/lib/x86_64-linux-gnu/libmount.so.1.1.0
PROC:    mount            46185  0      0      /usr/lib/x86_64-linux-gnu/libselinux.so.1
PROC:    mount            46185  0      0      /usr/lib/x86_64-linux-gnu/libselinux.so.1
PROC:    mount            46185  0      0      /usr/lib/x86_64-linux-gnu/libc.so.6
PROC:    mount            46185  0      0      /usr/lib/x86_64-linux-gnu/libc.so.6
PROC:    mount            46185  0      0      /usr/lib/x86_64-linux-gnu/libblkid.so.1.1.0
PROC:    mount            46185  0      0      /usr/lib/x86_64-linux-gnu/libblkid.so.1.1.0
PROC:    mount            46185  0      0      /usr/lib/x86_64-linux-gnu/libpcre2-8.so.0.10.4
PROC:    mount            46185  0      0      /usr/lib/x86_64-linux-gnu/libpcre2-8.so.0.10.4
PROC:    mount            46185  0      0      /proc/filesystems
PROC:    mount            46185  0      0      /dev/sda3       
PROC:    mount            46185  0      0      /sys/devices/pci0000:00/0000:00:10.0/host32/target32:0:0/32:0:0:0/block/sda/sda3
PROC:    mount            46185  0      0      /sys/devices/pci0000:00/0000:00:10.0/host32/target32:0:0/32:0:0:0/block/sda/sda3
PROC:    mount            46185  0      0      /sys/devices/pci0000:00/0000:00:10.0/host32/target32:0:0/32:0:0:0/block/sda/dev
PROC:    mount            46185  0      0      /sys/devices/pci0000:00/0000:00:10.0/host32/target32:0:0/32:0:0:0/block/sda
PROC:    mount            46185  0      0      /dev/sda        
PROC:    mount            46185  0      0      /sys/devices/pci0000:00/0000:00:10.0/host32/target32:0:0/32:0:0:0/block/sda
PROC:    mount            46185  0      0      /sys/devices/pci0000:00/0000:00:10.0/host32/target32:0:0/32:0:0:0/block/sda
PROC:    mount            46185  0      0      /sys/devices/pci0000:00/0000:00:10.0/host32/target32:0:0/32:0:0:0/block/sda/sda3
PROC:    mount            46185  0      0      /sys/devices/pci0000:00/0000:00:10.0/host32/target32:0:0/32:0:0:0/block/sda/sda3/size
PROC:    mount            46185  0      0      /sys/devices/pci0000:00/0000:00:10.0/host32/target32:0:0/32:0:0:0/block/sda/sda3/start
[ERROR] pid: 46185 file/mount error!
PROC:    mount            46185  -1     1      /dev/sda3       
PROC:    bash             46192  0      0      /usr/bin/cat    
PROC:    bash             46192  0      0      /usr/bin/cat    
PROC:    bash             46192  0      0      /usr/lib/x86_64-linux-gnu/ld-linux-x86-64.so.2
PROC:    bash             46192  0      0      /usr/lib/x86_64-linux-gnu/ld-linux-x86-64.so.2
PROC:    cat              46192  0      0      /etc/ld.so.cache
PROC:    cat              46192  0      0      /etc/ld.so.cache
PROC:    cat              46192  0      0      /usr/lib/x86_64-linux-gnu/libc.so.6
PROC:    cat              46192  0      0      /usr/lib/x86_64-linux-gnu/libc.so.6
[ERROR] pid: 46192 file/mount error!
PROC:    cat              46192  -1     1      /etc/shadow     
PROC:    bash             46063  0      0      /root/.bash_history
PROC:    bash             46063  0      0      /root/.bash_history
PROC:    bash             46063  0      0      /root/.bash_history
PROC:    bash             46063  0      0      /root/.bash_history
PROC:    bash             46063  0      0      /root/.bash_history
PROC:    bash             46063  0      0      /root/.bash_history
PROC:    bash             46232  0      0      /usr/bin/cat    
PROC:    bash             46232  0      0      /usr/bin/cat    
PROC:    bash             46232  0      0      /usr/lib/x86_64-linux-gnu/ld-linux-x86-64.so.2
PROC:    bash             46232  0      0      /usr/lib/x86_64-linux-gnu/ld-linux-x86-64.so.2
PROC:    cat              46232  0      0      /etc/ld.so.cache
PROC:    cat              46232  0      0      /etc/ld.so.cache
PROC:    cat              46232  0      0      /usr/lib/x86_64-linux-gnu/libc.so.6
PROC:    cat              46232  0      0      /usr/lib/x86_64-linux-gnu/libc.so.6
[ERROR] pid: 46232 file/mount error!
PROC:    cat              46232  -1     1      /etc/shadow     
PROC:    bash             45834  0      0      /root/.bash_history
PROC:    bash             45834  0      0      /root/.bash_history
PROC:    bash             45834  0      0      /root/.bash_history
PROC:    bash             45834  0      0      /root/.bash_history
PROC:    containerd-shim  46284  0      0      /usr/bin/runc   
PROC:    containerd-shim  46284  0      0      /usr/lib/x86_64-linux-gnu/ld-linux-x86-64.so.2
PROC:    runc             46284  0      0      /etc/ld.so.cache
PROC:    runc             46284  0      0      /usr/lib/x86_64-linux-gnu/libseccomp.so.2.5.4
PROC:    runc             46284  0      0      /usr/lib/x86_64-linux-gnu/libc.so.6
PROC:    runc             46284  0      0      /sys/kernel/mm/transparent_hugepage/hpage_pmd_size
PROC:    runc             46284  0      0      /usr/bin/runc   
PROC:    runc             46284  0      0      /proc/sys/kernel/cap_last_cap
PROC:    runc             46284  0      0      /run/containerd/io.containerd.runtime.v2.task/moby/c1051863c8ba388befdb0baf81a24c791666b2511dcc3f99f39fd3f93cc6b836/log.json
PROC:    runc             46284  0      0      /proc/cpuinfo   
PROC:    runc             46284  0      0      /proc/46284/mountinfo
PROC:    runc             46284  0      0      /run/docker/runtime-runc/moby/c1051863c8ba388befdb0baf81a24c791666b2511dcc3f99f39fd3f93cc6b836/state.json
PROC:    runc             46284  0      0      /run/docker/runtime-runc/moby
PROC:    runc             46284  0      0      /run/docker/runtime-runc/moby/c1051863c8ba388befdb0baf81a24c791666b2511dcc3f99f39fd3f93cc6b836
PROC     COMM             PID    FD     ERR    FNAME           
PROC:    bash             46640  0      0      /usr/bin/mkdir  
PROC:    bash             46640  0      0      /usr/bin/mkdir  
PROC:    bash             46640  0      0      /usr/lib/x86_64-linux-gnu/ld-linux-x86-64.so.2
PROC:    bash             46640  0      0      /usr/lib/x86_64-linux-gnu/ld-linux-x86-64.so.2
PROC:    mkdir            46640  0      0      /etc/ld.so.cache
PROC:    mkdir            46640  0      0      /etc/ld.so.cache
PROC:    mkdir            46640  0      0      /usr/lib/x86_64-linux-gnu/libselinux.so.1
PROC:    mkdir            46640  0      0      /usr/lib/x86_64-linux-gnu/libselinux.so.1
PROC:    mkdir            46640  0      0      /usr/lib/x86_64-linux-gnu/libc.so.6
PROC:    mkdir            46640  0      0      /usr/lib/x86_64-linux-gnu/libc.so.6
PROC:    mkdir            46640  0      0      /usr/lib/x86_64-linux-gnu/libpcre2-8.so.0.10.4
PROC:    mkdir            46640  0      0      /usr/lib/x86_64-linux-gnu/libpcre2-8.so.0.10.4
PROC:    mkdir            46640  0      0      /proc/filesystems
PROC:    bash             46641  0      0      /usr/bin/mount  
PROC:    bash             46641  0      0      /usr/bin/mount  
PROC:    bash             46641  0      0      /usr/lib/x86_64-linux-gnu/ld-linux-x86-64.so.2
PROC:    bash             46641  0      0      /usr/lib/x86_64-linux-gnu/ld-linux-x86-64.so.2
PROC:    mount            46641  0      0      /etc/ld.so.cache
PROC:    mount            46641  0      0      /etc/ld.so.cache
PROC:    mount            46641  0      0      /usr/lib/x86_64-linux-gnu/libmount.so.1.1.0
PROC:    mount            46641  0      0      /usr/lib/x86_64-linux-gnu/libmount.so.1.1.0
PROC:    mount            46641  0      0      /usr/lib/x86_64-linux-gnu/libselinux.so.1
PROC:    mount            46641  0      0      /usr/lib/x86_64-linux-gnu/libselinux.so.1
PROC:    mount            46641  0      0      /usr/lib/x86_64-linux-gnu/libc.so.6
PROC:    mount            46641  0      0      /usr/lib/x86_64-linux-gnu/libc.so.6
PROC:    mount            46641  0      0      /usr/lib/x86_64-linux-gnu/libblkid.so.1.1.0
PROC:    mount            46641  0      0      /usr/lib/x86_64-linux-gnu/libblkid.so.1.1.0
PROC:    mount            46641  0      0      /usr/lib/x86_64-linux-gnu/libpcre2-8.so.0.10.4
PROC:    mount            46641  0      0      /usr/lib/x86_64-linux-gnu/libpcre2-8.so.0.10.4
PROC:    mount            46641  0      0      /proc/filesystems
PROC:    mount            46641  0      0      cgroup          
PROC     COMM             PID    FD     ERR    FNAME           
PROC:    bash             46958  0      0      /usr/bin/mkdir  
PROC:    bash             46958  0      0      /usr/bin/mkdir  
PROC:    bash             46958  0      0      /usr/lib/x86_64-linux-gnu/ld-linux-x86-64.so.2
PROC:    bash             46958  0      0      /usr/lib/x86_64-linux-gnu/ld-linux-x86-64.so.2
PROC:    mkdir            46958  0      0      /etc/ld.so.cache
PROC:    mkdir            46958  0      0      /etc/ld.so.cache
PROC:    mkdir            46958  0      0      /usr/lib/x86_64-linux-gnu/libselinux.so.1
PROC:    mkdir            46958  0      0      /usr/lib/x86_64-linux-gnu/libselinux.so.1
PROC:    mkdir            46958  0      0      /usr/lib/x86_64-linux-gnu/libc.so.6
PROC:    mkdir            46958  0      0      /usr/lib/x86_64-linux-gnu/libc.so.6
PROC:    mkdir            46958  0      0      /usr/lib/x86_64-linux-gnu/libpcre2-8.so.0.10.4
PROC:    mkdir            46958  0      0      /usr/lib/x86_64-linux-gnu/libpcre2-8.so.0.10.4
PROC:    mkdir            46958  0      0      /proc/filesystems
PROC:    bash             46959  0      0      /usr/bin/mount  
PROC:    bash             46959  0      0      /usr/bin/mount  
PROC:    bash             46959  0      0      /usr/lib/x86_64-linux-gnu/ld-linux-x86-64.so.2
PROC:    bash             46959  0      0      /usr/lib/x86_64-linux-gnu/ld-linux-x86-64.so.2
PROC:    mount            46959  0      0      /etc/ld.so.cache
PROC:    mount            46959  0      0      /etc/ld.so.cache
PROC:    mount            46959  0      0      /usr/lib/x86_64-linux-gnu/libmount.so.1.1.0
PROC:    mount            46959  0      0      /usr/lib/x86_64-linux-gnu/libmount.so.1.1.0
PROC:    mount            46959  0      0      /usr/lib/x86_64-linux-gnu/libselinux.so.1
PROC:    mount            46959  0      0      /usr/lib/x86_64-linux-gnu/libselinux.so.1
PROC:    mount            46959  0      0      /usr/lib/x86_64-linux-gnu/libc.so.6
PROC:    mount            46959  0      0      /usr/lib/x86_64-linux-gnu/libc.so.6
PROC:    mount            46959  0      0      /usr/lib/x86_64-linux-gnu/libblkid.so.1.1.0
PROC:    mount            46959  0      0      /usr/lib/x86_64-linux-gnu/libblkid.so.1.1.0
PROC:    mount            46959  0      0      /usr/lib/x86_64-linux-gnu/libpcre2-8.so.0.10.4
PROC:    mount            46959  0      0      /usr/lib/x86_64-linux-gnu/libpcre2-8.so.0.10.4
PROC:    mount            46959  0      0      /proc/filesystems
PROC:    mount            46959  0      0      cgroup          
PROC:    bash             47018  0      0      /usr/bin/unshare
PROC:    bash             47018  0      0      /usr/bin/unshare
PROC:    bash             47018  0      0      /usr/lib/x86_64-linux-gnu/ld-linux-x86-64.so.2
PROC:    bash             47018  0      0      /usr/lib/x86_64-linux-gnu/ld-linux-x86-64.so.2
PROC:    unshare          47018  0      0      /etc/ld.so.cache
PROC:    unshare          47018  0      0      /etc/ld.so.cache
PROC:    unshare          47018  0      0      /usr/lib/x86_64-linux-gnu/libc.so.6
PROC:    unshare          47018  0      0      /usr/lib/x86_64-linux-gnu/libc.so.6
PROC:    unshare          47018  0      0      /proc/11/uid_map
PROC:    unshare          47018  0      0      /proc/11/setgroups
PROC:    unshare          47018  0      0      /proc/11/gid_map
PROC:    unshare          47018  0      0      none            
PROC:    unshare          47018  0      0      /usr/bin/bash   
PROC:    unshare          47018  0      0      /usr/bin/bash   
PROC:    unshare          47018  0      0      /usr/lib/x86_64-linux-gnu/ld-linux-x86-64.so.2
PROC:    unshare          47018  0      0      /usr/lib/x86_64-linux-gnu/ld-linux-x86-64.so.2
PROC:    bash             47089  0      0      /usr/bin/ls     
PROC:    bash             47089  0      0      /usr/bin/ls     
PROC:    bash             47089  0      0      /usr/lib/x86_64-linux-gnu/ld-linux-x86-64.so.2
PROC:    bash             47089  0      0      /usr/lib/x86_64-linux-gnu/ld-linux-x86-64.so.2
PROC:    ls               47089  0      0      /etc/ld.so.cache
PROC:    ls               47089  0      0      /etc/ld.so.cache
PROC:    ls               47089  0      0      /usr/lib/x86_64-linux-gnu/libselinux.so.1
PROC:    ls               47089  0      0      /usr/lib/x86_64-linux-gnu/libselinux.so.1
PROC:    ls               47089  0      0      /usr/lib/x86_64-linux-gnu/libc.so.6
PROC:    ls               47089  0      0      /usr/lib/x86_64-linux-gnu/libc.so.6
PROC:    ls               47089  0      0      /usr/lib/x86_64-linux-gnu/libpcre2-8.so.0.10.4
PROC:    ls               47089  0      0      /usr/lib/x86_64-linux-gnu/libpcre2-8.so.0.10.4
PROC:    ls               47089  0      0      /proc/filesystems
PROC:    ls               47089  0      0      /               
PROC:    ls               47089  0      0      /               
PROC:    ls               47089  0      0      /               
PROC:    ls               47089  0      0      /               
PROC:    ls               47089  0      0      /               
PROC:    bash             47090  0      0      /usr/bin/cat    
PROC:    bash             47090  0      0      /usr/bin/cat    
PROC:    bash             47090  0      0      /usr/lib/x86_64-linux-gnu/ld-linux-x86-64.so.2
PROC:    bash             47090  0      0      /usr/lib/x86_64-linux-gnu/ld-linux-x86-64.so.2
PROC:    cat              47090  0      0      /etc/ld.so.cache
PROC:    cat              47090  0      0      /etc/ld.so.cache
PROC:    cat              47090  0      0      /usr/lib/x86_64-linux-gnu/libc.so.6
PROC:    cat              47090  0      0      /usr/lib/x86_64-linux-gnu/libc.so.6
[ERROR] pid: 47090 file/mount error!
PROC:    cat              47090  -1     1      /etc/shadow     
PROC:    bash             47098  0      0      /usr/bin/mount  
PROC:    bash             47098  0      0      /usr/bin/mount  
PROC:    bash             47098  0      0      /usr/lib/x86_64-linux-gnu/ld-linux-x86-64.so.2
PROC:    bash             47098  0      0      /usr/lib/x86_64-linux-gnu/ld-linux-x86-64.so.2
PROC:    mount            47098  0      0      /etc/ld.so.cache
PROC:    mount            47098  0      0      /etc/ld.so.cache
PROC:    mount            47098  0      0      /usr/lib/x86_64-linux-gnu/libmount.so.1.1.0
PROC:    mount            47098  0      0      /usr/lib/x86_64-linux-gnu/libmount.so.1.1.0
PROC:    mount            47098  0      0      /usr/lib/x86_64-linux-gnu/libselinux.so.1
PROC:    mount            47098  0      0      /usr/lib/x86_64-linux-gnu/libselinux.so.1
PROC:    mount            47098  0      0      /usr/lib/x86_64-linux-gnu/libc.so.6
PROC:    mount            47098  0      0      /usr/lib/x86_64-linux-gnu/libc.so.6
PROC:    mount            47098  0      0      /usr/lib/x86_64-linux-gnu/libblkid.so.1.1.0
PROC:    mount            47098  0      0      /usr/lib/x86_64-linux-gnu/libblkid.so.1.1.0
PROC:    mount            47098  0      0      /usr/lib/x86_64-linux-gnu/libpcre2-8.so.0.10.4
PROC:    mount            47098  0      0      /usr/lib/x86_64-linux-gnu/libpcre2-8.so.0.10.4
PROC:    mount            47098  0      0      /proc/filesystems
PROC:    mount            47098  0      0      cgroup          
PROC     COMM             PID    FD     ERR    FNAME           
PROC:    bash             49934  0      0      /usr/bin/mkdir  
PROC:    bash             49934  0      0      /usr/bin/mkdir  
PROC:    bash             49934  0      0      /usr/lib/x86_64-linux-gnu/ld-linux-x86-64.so.2
PROC:    bash             49934  0      0      /usr/lib/x86_64-linux-gnu/ld-linux-x86-64.so.2
PROC:    mkdir            49934  0      0      /etc/ld.so.cache
PROC:    mkdir            49934  0      0      /etc/ld.so.cache
PROC:    mkdir            49934  0      0      /usr/lib/x86_64-linux-gnu/libselinux.so.1
PROC:    mkdir            49934  0      0      /usr/lib/x86_64-linux-gnu/libselinux.so.1
PROC:    mkdir            49934  0      0      /usr/lib/x86_64-linux-gnu/libc.so.6
PROC:    mkdir            49934  0      0      /usr/lib/x86_64-linux-gnu/libc.so.6
PROC:    mkdir            49934  0      0      /usr/lib/x86_64-linux-gnu/libpcre2-8.so.0.10.4
PROC:    mkdir            49934  0      0      /usr/lib/x86_64-linux-gnu/libpcre2-8.so.0.10.4
PROC:    mkdir            49934  0      0      /proc/filesystems
PROC:    bash             49935  0      0      /usr/bin/mount  
PROC:    bash             49935  0      0      /usr/bin/mount  
PROC:    bash             49935  0      0      /usr/lib/x86_64-linux-gnu/ld-linux-x86-64.so.2
PROC:    bash             49935  0      0      /usr/lib/x86_64-linux-gnu/ld-linux-x86-64.so.2
PROC:    mount            49935  0      0      /etc/ld.so.cache
PROC:    mount            49935  0      0      /etc/ld.so.cache
PROC:    mount            49935  0      0      /usr/lib/x86_64-linux-gnu/libmount.so.1.1.0
PROC:    mount            49935  0      0      /usr/lib/x86_64-linux-gnu/libmount.so.1.1.0
PROC:    mount            49935  0      0      /usr/lib/x86_64-linux-gnu/libselinux.so.1
PROC:    mount            49935  0      0      /usr/lib/x86_64-linux-gnu/libselinux.so.1
PROC:    mount            49935  0      0      /usr/lib/x86_64-linux-gnu/libc.so.6
PROC:    mount            49935  0      0      /usr/lib/x86_64-linux-gnu/libc.so.6
PROC:    mount            49935  0      0      /usr/lib/x86_64-linux-gnu/libblkid.so.1.1.0
PROC:    mount            49935  0      0      /usr/lib/x86_64-linux-gnu/libblkid.so.1.1.0
PROC:    mount            49935  0      0      /usr/lib/x86_64-linux-gnu/libpcre2-8.so.0.10.4
PROC:    mount            49935  0      0      /usr/lib/x86_64-linux-gnu/libpcre2-8.so.0.10.4
PROC:    mount            49935  0      0      /proc/filesystems
PROC:    mount            49935  0      0      /proc/filesystems
PROC     COMM             PID    FD     ERR    FNAME           
PROC:    bash             50452  0      0      /usr/bin/mkdir  
PROC:    bash             50452  0      0      /usr/bin/mkdir  
PROC:    bash             50452  0      0      /usr/lib/x86_64-linux-gnu/ld-linux-x86-64.so.2
PROC:    bash             50452  0      0      /usr/lib/x86_64-linux-gnu/ld-linux-x86-64.so.2
PROC:    mkdir            50452  0      0      /etc/ld.so.cache
PROC:    mkdir            50452  0      0      /etc/ld.so.cache
PROC:    mkdir            50452  0      0      /usr/lib/x86_64-linux-gnu/libselinux.so.1
PROC:    mkdir            50452  0      0      /usr/lib/x86_64-linux-gnu/libselinux.so.1
PROC:    mkdir            50452  0      0      /usr/lib/x86_64-linux-gnu/libc.so.6
PROC:    mkdir            50452  0      0      /usr/lib/x86_64-linux-gnu/libc.so.6
PROC:    mkdir            50452  0      0      /usr/lib/x86_64-linux-gnu/libpcre2-8.so.0.10.4
PROC:    mkdir            50452  0      0      /usr/lib/x86_64-linux-gnu/libpcre2-8.so.0.10.4
PROC:    mkdir            50452  0      0      /proc/filesystems
PROC:    bash             50453  0      0      /usr/bin/mount  
PROC:    bash             50453  0      0      /usr/bin/mount  
PROC:    bash             50453  0      0      /usr/lib/x86_64-linux-gnu/ld-linux-x86-64.so.2
PROC:    bash             50453  0      0      /usr/lib/x86_64-linux-gnu/ld-linux-x86-64.so.2
PROC:    mount            50453  0      0      /etc/ld.so.cache
PROC:    mount            50453  0      0      /etc/ld.so.cache
PROC:    mount            50453  0      0      /usr/lib/x86_64-linux-gnu/libmount.so.1.1.0
PROC:    mount            50453  0      0      /usr/lib/x86_64-linux-gnu/libmount.so.1.1.0
PROC:    mount            50453  0      0      /usr/lib/x86_64-linux-gnu/libselinux.so.1
PROC:    mount            50453  0      0      /usr/lib/x86_64-linux-gnu/libselinux.so.1
PROC:    mount            50453  0      0      /usr/lib/x86_64-linux-gnu/libc.so.6
PROC:    mount            50453  0      0      /usr/lib/x86_64-linux-gnu/libc.so.6
PROC:    mount            50453  0      0      /usr/lib/x86_64-linux-gnu/libblkid.so.1.1.0
PROC:    mount            50453  0      0      /usr/lib/x86_64-linux-gnu/libblkid.so.1.1.0
PROC:    mount            50453  0      0      /usr/lib/x86_64-linux-gnu/libpcre2-8.so.0.10.4
PROC:    mount            50453  0      0      /usr/lib/x86_64-linux-gnu/libpcre2-8.so.0.10.4
PROC:    mount            50453  0      0      /proc/filesystems
PROC:    mount            50453  0      0      /dev/sda3       
PROC:    mount            50453  0      0      /sys/devices/pci0000:00/0000:00:10.0/host32/target32:0:0/32:0:0:0/block/sda/sda3
PROC:    mount            50453  0      0      /sys/devices/pci0000:00/0000:00:10.0/host32/target32:0:0/32:0:0:0/block/sda/sda3
PROC:    mount            50453  0      0      /sys/devices/pci0000:00/0000:00:10.0/host32/target32:0:0/32:0:0:0/block/sda/dev
PROC:    mount            50453  0      0      /sys/devices/pci0000:00/0000:00:10.0/host32/target32:0:0/32:0:0:0/block/sda
PROC:    mount            50453  0      0      /dev/sda        
PROC:    mount            50453  0      0      /sys/devices/pci0000:00/0000:00:10.0/host32/target32:0:0/32:0:0:0/block/sda
PROC:    mount            50453  0      0      /sys/devices/pci0000:00/0000:00:10.0/host32/target32:0:0/32:0:0:0/block/sda
PROC:    mount            50453  0      0      /sys/devices/pci0000:00/0000:00:10.0/host32/target32:0:0/32:0:0:0/block/sda/sda3
PROC:    mount            50453  0      0      /sys/devices/pci0000:00/0000:00:10.0/host32/target32:0:0/32:0:0:0/block/sda/sda3/size
PROC:    mount            50453  0      0      /sys/devices/pci0000:00/0000:00:10.0/host32/target32:0:0/32:0:0:0/block/sda/sda3/start
PROC:    mount            50453  0      0      /dev/sda3       
PROC:    bash             50458  0      0      /usr/bin/cat    
PROC:    bash             50458  0      0      /usr/bin/cat    
PROC:    bash             50458  0      0      /usr/lib/x86_64-linux-gnu/ld-linux-x86-64.so.2
PROC:    bash             50458  0      0      /usr/lib/x86_64-linux-gnu/ld-linux-x86-64.so.2
PROC:    cat              50458  0      0      /etc/ld.so.cache
PROC:    cat              50458  0      0      /etc/ld.so.cache
PROC:    cat              50458  0      0      /usr/lib/x86_64-linux-gnu/libc.so.6
PROC:    cat              50458  0      0      /usr/lib/x86_64-linux-gnu/libc.so.6
PROC:    cat              50458  0      0      /etc/hostname   
PROC:    bash             50460  0      0      /usr/bin/ls     
PROC:    bash             50460  0      0      /usr/bin/ls     
PROC:    bash             50460  0      0      /usr/lib/x86_64-linux-gnu/ld-linux-x86-64.so.2
PROC:    bash             50460  0      0      /usr/lib/x86_64-linux-gnu/ld-linux-x86-64.so.2
PROC:    ls               50460  0      0      /etc/ld.so.cache
PROC:    ls               50460  0      0      /etc/ld.so.cache
PROC:    ls               50460  0      0      /usr/lib/x86_64-linux-gnu/libselinux.so.1
PROC:    ls               50460  0      0      /usr/lib/x86_64-linux-gnu/libselinux.so.1
PROC:    ls               50460  0      0      /usr/lib/x86_64-linux-gnu/libc.so.6
PROC:    ls               50460  0      0      /usr/lib/x86_64-linux-gnu/libc.so.6
PROC:    ls               50460  0      0      /usr/lib/x86_64-linux-gnu/libpcre2-8.so.0.10.4
PROC:    ls               50460  0      0      /usr/lib/x86_64-linux-gnu/libpcre2-8.so.0.10.4
PROC:    ls               50460  0      0      /proc/filesystems
PROC:    ls               50460  0      0      /host           
PROC:    bash             50462  0      0      /usr/bin/uname  
PROC:    bash             50462  0      0      /usr/bin/uname  
PROC:    bash             50462  0      0      /usr/lib/x86_64-linux-gnu/ld-linux-x86-64.so.2
PROC:    bash             50462  0      0      /usr/lib/x86_64-linux-gnu/ld-linux-x86-64.so.2
PROC:    uname            50462  0      0      /etc/ld.so.cache
PROC:    uname            50462  0      0      /etc/ld.so.cache
PROC:    uname            50462  0      0      /usr/lib/x86_64-linux-gnu/libc.so.6
PROC:    uname            50462  0      0      /usr/lib/x86_64-linux-gnu/libc.so.6
PROC:    bash             50464  0      0      /usr/bin/whoami 
PROC:    bash             50464  0      0      /usr/bin/whoami 
PROC:    bash             50464  0      0      /usr/lib/x86_64-linux-gnu/ld-linux-x86-64.so.2
PROC:    bash             50464  0      0      /usr/lib/x86_64-linux-gnu/ld-linux-x86-64.so.2
PROC:    whoami           50464  0      0      /etc/ld.so.cache
PROC:    whoami           50464  0      0      /etc/ld.so.cache
PROC:    whoami           50464  0      0      /usr/lib/x86_64-linux-gnu/libc.so.6
PROC:    whoami           50464  0      0      /usr/lib/x86_64-linux-gnu/libc.so.6
PROC:    whoami           50464  0      0      /etc/nsswitch.conf
PROC:    whoami           50464  0      0      /etc/nsswitch.conf
PROC:    whoami           50464  0      0      /etc/passwd     
PROC:    whoami           50464  0      0      /etc/passwd     
PROC:    bash             50275  0      0      /home           
PROC:    bash             50275  0      0      /home           
PROC:    bash             50275  0      0      /home           
PROC:    bash             50275  0      0      /home           
PROC:    bash             50275  0      0      /home           
PROC:    bash             50275  0      0      /home           
PROC:    bash             50275  0      0      /home           
PROC:    bash             50275  0      0      /home           
PROC:    bash             50466  0      0      /usr/bin/ls     
PROC:    bash             50466  0      0      /usr/bin/ls     
PROC:    bash             50466  0      0      /usr/lib/x86_64-linux-gnu/ld-linux-x86-64.so.2
PROC:    bash             50466  0      0      /usr/lib/x86_64-linux-gnu/ld-linux-x86-64.so.2
PROC:    ls               50466  0      0      /etc/ld.so.cache
PROC:    ls               50466  0      0      /etc/ld.so.cache
PROC:    ls               50466  0      0      /usr/lib/x86_64-linux-gnu/libselinux.so.1
PROC:    ls               50466  0      0      /usr/lib/x86_64-linux-gnu/libselinux.so.1
PROC:    ls               50466  0      0      /usr/lib/x86_64-linux-gnu/libc.so.6
PROC:    ls               50466  0      0      /usr/lib/x86_64-linux-gnu/libc.so.6
PROC:    ls               50466  0      0      /usr/lib/x86_64-linux-gnu/libpcre2-8.so.0.10.4
PROC:    ls               50466  0      0      /usr/lib/x86_64-linux-gnu/libpcre2-8.so.0.10.4
PROC:    ls               50466  0      0      /proc/filesystems
PROC:    ls               50466  0      0      /home           
PROC:    ls               50466  0      0      /home           
PROC:    bash             50467  0      0      /usr/bin/ls     
PROC:    bash             50467  0      0      /usr/bin/ls     
PROC:    bash             50467  0      0      /usr/lib/x86_64-linux-gnu/ld-linux-x86-64.so.2
PROC:    bash             50467  0      0      /usr/lib/x86_64-linux-gnu/ld-linux-x86-64.so.2
PROC:    ls               50467  0      0      /etc/ld.so.cache
PROC:    ls               50467  0      0      /etc/ld.so.cache
PROC:    ls               50467  0      0      /usr/lib/x86_64-linux-gnu/libselinux.so.1
PROC:    ls               50467  0      0      /usr/lib/x86_64-linux-gnu/libselinux.so.1
PROC:    ls               50467  0      0      /usr/lib/x86_64-linux-gnu/libc.so.6
PROC:    ls               50467  0      0      /usr/lib/x86_64-linux-gnu/libc.so.6
PROC:    ls               50467  0      0      /usr/lib/x86_64-linux-gnu/libpcre2-8.so.0.10.4
PROC:    ls               50467  0      0      /usr/lib/x86_64-linux-gnu/libpcre2-8.so.0.10.4
PROC:    ls               50467  0      0      /proc/filesystems
PROC:    ls               50467  0      0      /home           
PROC:    ls               50467  0      0      /home           
PROC:    bash             50469  0      0      /usr/bin/ls     
PROC:    bash             50469  0      0      /usr/bin/ls     
PROC:    bash             50469  0      0      /usr/lib/x86_64-linux-gnu/ld-linux-x86-64.so.2
PROC:    bash             50469  0      0      /usr/lib/x86_64-linux-gnu/ld-linux-x86-64.so.2
PROC:    ls               50469  0      0      /etc/ld.so.cache
PROC:    ls               50469  0      0      /etc/ld.so.cache
PROC:    ls               50469  0      0      /usr/lib/x86_64-linux-gnu/libselinux.so.1
PROC:    ls               50469  0      0      /usr/lib/x86_64-linux-gnu/libselinux.so.1
PROC:    ls               50469  0      0      /usr/lib/x86_64-linux-gnu/libc.so.6
PROC:    ls               50469  0      0      /usr/lib/x86_64-linux-gnu/libc.so.6
PROC:    ls               50469  0      0      /usr/lib/x86_64-linux-gnu/libpcre2-8.so.0.10.4
PROC:    ls               50469  0      0      /usr/lib/x86_64-linux-gnu/libpcre2-8.so.0.10.4
PROC:    ls               50469  0      0      /proc/filesystems
PROC:    ls               50469  0      0      /host           
PROC:    bash             50275  0      0      /host           
PROC:    bash             50470  0      0      /usr/bin/ls     
PROC:    bash             50470  0      0      /usr/bin/ls     
PROC:    bash             50470  0      0      /usr/lib/x86_64-linux-gnu/ld-linux-x86-64.so.2
PROC:    bash             50470  0      0      /usr/lib/x86_64-linux-gnu/ld-linux-x86-64.so.2
PROC:    ls               50470  0      0      /etc/ld.so.cache
PROC:    ls               50470  0      0      /etc/ld.so.cache
PROC:    ls               50470  0      0      /usr/lib/x86_64-linux-gnu/libselinux.so.1
PROC:    ls               50470  0      0      /usr/lib/x86_64-linux-gnu/libselinux.so.1
PROC:    ls               50470  0      0      /usr/lib/x86_64-linux-gnu/libc.so.6
PROC:    ls               50470  0      0      /usr/lib/x86_64-linux-gnu/libc.so.6
PROC:    ls               50470  0      0      /usr/lib/x86_64-linux-gnu/libpcre2-8.so.0.10.4
PROC:    ls               50470  0      0      /usr/lib/x86_64-linux-gnu/libpcre2-8.so.0.10.4
PROC:    ls               50470  0      0      /proc/filesystems
PROC:    ls               50470  0      0      /host/home      
PROC:    bash             50275  0      0      /host/home      
PROC:    bash             50471  0      0      /usr/bin/ls     
PROC:    bash             50471  0      0      /usr/bin/ls     
PROC:    bash             50471  0      0      /usr/lib/x86_64-linux-gnu/ld-linux-x86-64.so.2
PROC:    bash             50471  0      0      /usr/lib/x86_64-linux-gnu/ld-linux-x86-64.so.2
PROC:    ls               50471  0      0      /etc/ld.so.cache
PROC:    ls               50471  0      0      /etc/ld.so.cache
PROC:    ls               50471  0      0      /usr/lib/x86_64-linux-gnu/libselinux.so.1
PROC:    ls               50471  0      0      /usr/lib/x86_64-linux-gnu/libselinux.so.1
PROC:    ls               50471  0      0      /usr/lib/x86_64-linux-gnu/libc.so.6
PROC:    ls               50471  0      0      /usr/lib/x86_64-linux-gnu/libc.so.6
PROC:    ls               50471  0      0      /usr/lib/x86_64-linux-gnu/libpcre2-8.so.0.10.4
PROC:    ls               50471  0      0      /usr/lib/x86_64-linux-gnu/libpcre2-8.so.0.10.4
PROC:    ls               50471  0      0      /proc/filesystems
PROC:    ls               50471  0      0      /host/home/ubuntu
PROC:    bash             50473  0      0      /usr/bin/ls     
PROC:    bash             50473  0      0      /usr/bin/ls     
PROC:    bash             50473  0      0      /usr/lib/x86_64-linux-gnu/ld-linux-x86-64.so.2
PROC:    bash             50473  0      0      /usr/lib/x86_64-linux-gnu/ld-linux-x86-64.so.2
PROC:    ls               50473  0      0      /etc/ld.so.cache
PROC:    ls               50473  0      0      /etc/ld.so.cache
PROC:    ls               50473  0      0      /usr/lib/x86_64-linux-gnu/libselinux.so.1
PROC:    ls               50473  0      0      /usr/lib/x86_64-linux-gnu/libselinux.so.1
PROC:    ls               50473  0      0      /usr/lib/x86_64-linux-gnu/libc.so.6
PROC:    ls               50473  0      0      /usr/lib/x86_64-linux-gnu/libc.so.6
PROC:    ls               50473  0      0      /usr/lib/x86_64-linux-gnu/libpcre2-8.so.0.10.4
PROC:    ls               50473  0      0      /usr/lib/x86_64-linux-gnu/libpcre2-8.so.0.10.4
PROC:    ls               50473  0      0      /proc/filesystems
PROC:    ls               50473  0      0      /host           
PROC:    bash             50474  0      0      /usr/bin/ls     
PROC:    bash             50474  0      0      /usr/bin/ls     
PROC:    bash             50474  0      0      /usr/lib/x86_64-linux-gnu/ld-linux-x86-64.so.2
PROC:    bash             50474  0      0      /usr/lib/x86_64-linux-gnu/ld-linux-x86-64.so.2
PROC:    ls               50474  0      0      /etc/ld.so.cache
PROC:    ls               50474  0      0      /etc/ld.so.cache
PROC:    ls               50474  0      0      /usr/lib/x86_64-linux-gnu/libselinux.so.1
PROC:    ls               50474  0      0      /usr/lib/x86_64-linux-gnu/libselinux.so.1
PROC:    ls               50474  0      0      /usr/lib/x86_64-linux-gnu/libc.so.6
PROC:    ls               50474  0      0      /usr/lib/x86_64-linux-gnu/libc.so.6
PROC:    ls               50474  0      0      /usr/lib/x86_64-linux-gnu/libpcre2-8.so.0.10.4
PROC:    ls               50474  0      0      /usr/lib/x86_64-linux-gnu/libpcre2-8.so.0.10.4
PROC:    ls               50474  0      0      /proc/filesystems
PROC:    ls               50474  0      0      /host/etc       
PROC:    bash             50475  0      0      /usr/bin/cat    
PROC:    bash             50475  0      0      /usr/bin/cat    
PROC:    bash             50475  0      0      /usr/lib/x86_64-linux-gnu/ld-linux-x86-64.so.2
PROC:    bash             50475  0      0      /usr/lib/x86_64-linux-gnu/ld-linux-x86-64.so.2
PROC:    cat              50475  0      0      /etc/ld.so.cache
PROC:    cat              50475  0      0      /etc/ld.so.cache
PROC:    cat              50475  0      0      /usr/lib/x86_64-linux-gnu/libc.so.6
PROC:    cat              50475  0      0      /usr/lib/x86_64-linux-gnu/libc.so.6
PROC:    cat              50475  0      0      /etc/hostname   
PROC:    bash             50477  0      0      /usr/sbin/chroot
PROC:    bash             50477  0      0      /usr/sbin/chroot
PROC:    bash             50477  0      0      /usr/lib/x86_64-linux-gnu/ld-linux-x86-64.so.2
PROC:    bash             50477  0      0      /usr/lib/x86_64-linux-gnu/ld-linux-x86-64.so.2
PROC:    chroot           50477  0      0      /etc/ld.so.cache
PROC:    chroot           50477  0      0      /etc/ld.so.cache
PROC:    chroot           50477  0      0      /usr/lib/x86_64-linux-gnu/libc.so.6
PROC:    chroot           50477  0      0      /usr/lib/x86_64-linux-gnu/libc.so.6
PROC:    chroot           50477  0      0      /usr/bin/dash   
PROC:    chroot           50477  0      0      /usr/lib/x86_64-linux-gnu/ld-linux-x86-64.so.2
PROC:    sh               50477  0      0      /etc/ld.so.cache
PROC:    sh               50477  0      0      /usr/lib/x86_64-linux-gnu/libc.so.6
PROC:    sh               50477  0      0      /dev/tty        
PROC:    sh               50479  0      0      /usr/bin/cat    
PROC:    sh               50479  0      0      /usr/lib/x86_64-linux-gnu/ld-linux-x86-64.so.2
PROC:    cat              50479  0      0      /etc/ld.so.cache
PROC:    cat              50479  0      0      /usr/lib/x86_64-linux-gnu/libc.so.6
PROC:    cat              50479  0      0      /etc/hostname   
PROC:    sh               50480  0      0      /usr/bin/whoami 
PROC:    sh               50480  0      0      /usr/lib/x86_64-linux-gnu/ld-linux-x86-64.so.2
PROC:    whoami           50480  0      0      /etc/ld.so.cache
PROC:    whoami           50480  0      0      /usr/lib/x86_64-linux-gnu/libc.so.6
PROC:    whoami           50480  0      0      /etc/nsswitch.conf
PROC:    whoami           50480  0      0      /etc/passwd     
PROC:    sh               50481  0      0      /usr/bin/ls     
PROC:    sh               50481  0      0      /usr/lib/x86_64-linux-gnu/ld-linux-x86-64.so.2
PROC:    ls               50481  0      0      /etc/ld.so.cache
PROC:    ls               50481  0      0      /usr/lib/x86_64-linux-gnu/libselinux.so.1
PROC:    ls               50481  0      0      /usr/lib/x86_64-linux-gnu/libc.so.6
PROC:    ls               50481  0      0      /usr/lib/x86_64-linux-gnu/libpcre2-8.so.0.11.0
PROC:    ls               50481  0      0      /               
PROC:    sh               50482  0      0      /usr/bin/ls     
PROC:    sh               50482  0      0      /usr/lib/x86_64-linux-gnu/ld-linux-x86-64.so.2
PROC:    ls               50482  0      0      /etc/ld.so.cache
PROC:    ls               50482  0      0      /usr/lib/x86_64-linux-gnu/libselinux.so.1
PROC:    ls               50482  0      0      /usr/lib/x86_64-linux-gnu/libc.so.6
PROC:    ls               50482  0      0      /usr/lib/x86_64-linux-gnu/libpcre2-8.so.0.11.0
PROC:    ls               50482  0      0      /home           
PROC:    sh               50483  0      0      /usr/bin/ls     
PROC:    sh               50483  0      0      /usr/lib/x86_64-linux-gnu/ld-linux-x86-64.so.2
PROC:    ls               50483  0      0      /etc/ld.so.cache
PROC:    ls               50483  0      0      /usr/lib/x86_64-linux-gnu/libselinux.so.1
PROC:    ls               50483  0      0      /usr/lib/x86_64-linux-gnu/libc.so.6
PROC:    ls               50483  0      0      /usr/lib/x86_64-linux-gnu/libpcre2-8.so.0.11.0
PROC:    ls               50483  0      0      /home/ubuntu    
PROC:    bash             50275  0      0      /root/.bash_history
PROC:    bash             50275  0      0      /root/.bash_history
PROC:    bash             50275  0      0      /root/.bash_history
PROC:    bash             50275  0      0      /root/.bash_history
PROC:    bash             50275  0      0      /root/.bash_history
PROC:    bash             50275  0      0      /root/.bash_history
PROC:    containerd-shim  50484  0      0      /usr/bin/runc   
PROC:    containerd-shim  50484  0      0      /usr/lib/x86_64-linux-gnu/ld-linux-x86-64.so.2
PROC:    runc             50484  0      0      /etc/ld.so.cache
PROC:    runc             50484  0      0      /usr/lib/x86_64-linux-gnu/libseccomp.so.2.5.4
PROC:    runc             50484  0      0      /usr/lib/x86_64-linux-gnu/libc.so.6
PROC:    runc             50484  0      0      /sys/kernel/mm/transparent_hugepage/hpage_pmd_size
PROC:    runc             50484  0      0      /usr/bin/runc   
PROC:    runc             50484  0      0      /proc/sys/kernel/cap_last_cap
PROC:    runc             50484  0      0      /run/containerd/io.containerd.runtime.v2.task/moby/d963c147ad7a957951bc21abb0e254a1aad0056ec2b19b3d904b52c3191f2dea/log.json
PROC:    runc             50484  0      0      /proc/cpuinfo   
PROC:    runc             50484  0      0      /proc/50484/mountinfo
PROC:    runc             50484  0      0      /run/docker/runtime-runc/moby/d963c147ad7a957951bc21abb0e254a1aad0056ec2b19b3d904b52c3191f2dea/state.json
PROC:    runc             50484  0      0      /run/docker/runtime-runc/moby
PROC:    runc             50484  0      0      /run/docker/runtime-runc/moby/d963c147ad7a957951bc21abb0e254a1aad0056ec2b19b3d904b52c3191f2dea
PROC     COMM             PID    FD     ERR    FNAME           
PROC:    bash             51088  0      0      /usr/bin/mkdir  
PROC:    bash             51088  0      0      /usr/bin/mkdir  
PROC:    bash             51088  0      0      /usr/lib/x86_64-linux-gnu/ld-linux-x86-64.so.2
PROC:    bash             51088  0      0      /usr/lib/x86_64-linux-gnu/ld-linux-x86-64.so.2
PROC:    mkdir            51088  0      0      /etc/ld.so.cache
PROC:    mkdir            51088  0      0      /etc/ld.so.cache
PROC:    mkdir            51088  0      0      /usr/lib/x86_64-linux-gnu/libselinux.so.1
PROC:    mkdir            51088  0      0      /usr/lib/x86_64-linux-gnu/libselinux.so.1
PROC:    mkdir            51088  0      0      /usr/lib/x86_64-linux-gnu/libc.so.6
PROC:    mkdir            51088  0      0      /usr/lib/x86_64-linux-gnu/libc.so.6
PROC:    mkdir            51088  0      0      /usr/lib/x86_64-linux-gnu/libpcre2-8.so.0.10.4
PROC:    mkdir            51088  0      0      /usr/lib/x86_64-linux-gnu/libpcre2-8.so.0.10.4
PROC:    mkdir            51088  0      0      /proc/filesystems
PROC:    bash             51091  0      0      /usr/bin/mount  
PROC:    bash             51091  0      0      /usr/bin/mount  
PROC:    bash             51091  0      0      /usr/lib/x86_64-linux-gnu/ld-linux-x86-64.so.2
PROC:    bash             51091  0      0      /usr/lib/x86_64-linux-gnu/ld-linux-x86-64.so.2
PROC:    mount            51091  0      0      /etc/ld.so.cache
PROC:    mount            51091  0      0      /etc/ld.so.cache
PROC:    mount            51091  0      0      /usr/lib/x86_64-linux-gnu/libmount.so.1.1.0
PROC:    mount            51091  0      0      /usr/lib/x86_64-linux-gnu/libmount.so.1.1.0
PROC:    mount            51091  0      0      /usr/lib/x86_64-linux-gnu/libselinux.so.1
PROC:    mount            51091  0      0      /usr/lib/x86_64-linux-gnu/libselinux.so.1
PROC:    mount            51091  0      0      /usr/lib/x86_64-linux-gnu/libc.so.6
PROC:    mount            51091  0      0      /usr/lib/x86_64-linux-gnu/libc.so.6
PROC:    mount            51091  0      0      /usr/lib/x86_64-linux-gnu/libblkid.so.1.1.0
PROC:    mount            51091  0      0      /usr/lib/x86_64-linux-gnu/libblkid.so.1.1.0
PROC:    mount            51091  0      0      /usr/lib/x86_64-linux-gnu/libpcre2-8.so.0.10.4
PROC:    mount            51091  0      0      /usr/lib/x86_64-linux-gnu/libpcre2-8.so.0.10.4
PROC:    mount            51091  0      0      /proc/filesystems
PROC:    mount            51091  0      0      /dev/sda3       
PROC:    mount            51091  0      0      /sys/devices/pci0000:00/0000:00:10.0/host32/target32:0:0/32:0:0:0/block/sda/sda3
PROC:    mount            51091  0      0      /sys/devices/pci0000:00/0000:00:10.0/host32/target32:0:0/32:0:0:0/block/sda/sda3
PROC:    mount            51091  0      0      /sys/devices/pci0000:00/0000:00:10.0/host32/target32:0:0/32:0:0:0/block/sda/dev
PROC:    mount            51091  0      0      /sys/devices/pci0000:00/0000:00:10.0/host32/target32:0:0/32:0:0:0/block/sda
PROC:    mount            51091  0      0      /dev/sda        
PROC:    mount            51091  0      0      /sys/devices/pci0000:00/0000:00:10.0/host32/target32:0:0/32:0:0:0/block/sda
PROC:    mount            51091  0      0      /sys/devices/pci0000:00/0000:00:10.0/host32/target32:0:0/32:0:0:0/block/sda
PROC:    mount            51091  0      0      /sys/devices/pci0000:00/0000:00:10.0/host32/target32:0:0/32:0:0:0/block/sda/sda3
PROC:    mount            51091  0      0      /sys/devices/pci0000:00/0000:00:10.0/host32/target32:0:0/32:0:0:0/block/sda/sda3/size
PROC:    mount            51091  0      0      /sys/devices/pci0000:00/0000:00:10.0/host32/target32:0:0/32:0:0:0/block/sda/sda3/start
PROC:    mount            51091  0      0      /dev/sda3       
PROC:    bash             51093  0      0      /usr/sbin/chroot
PROC:    bash             51093  0      0      /usr/sbin/chroot
PROC:    bash             51093  0      0      /usr/lib/x86_64-linux-gnu/ld-linux-x86-64.so.2
PROC:    bash             51093  0      0      /usr/lib/x86_64-linux-gnu/ld-linux-x86-64.so.2
PROC:    chroot           51093  0      0      /etc/ld.so.cache
PROC:    chroot           51093  0      0      /etc/ld.so.cache
PROC:    chroot           51093  0      0      /usr/lib/x86_64-linux-gnu/libc.so.6
PROC:    chroot           51093  0      0      /usr/lib/x86_64-linux-gnu/libc.so.6
PROC:    chroot           51093  0      0      /usr/bin/dash   
PROC:    chroot           51093  0      0      /usr/lib/x86_64-linux-gnu/ld-linux-x86-64.so.2
PROC:    sh               51093  0      0      /etc/ld.so.cache
PROC:    sh               51093  0      0      /usr/lib/x86_64-linux-gnu/libc.so.6
PROC:    sh               51093  0      0      /dev/tty        
PROC:    sh               51095  0      0      /usr/bin/cat    
PROC:    sh               51095  0      0      /usr/lib/x86_64-linux-gnu/ld-linux-x86-64.so.2
PROC:    cat              51095  0      0      /etc/ld.so.cache
PROC:    cat              51095  0      0      /usr/lib/x86_64-linux-gnu/libc.so.6
PROC:    cat              51095  0      0      /etc/hostname   
PROC     COMM             PID    FD     ERR    FNAME           
PROC     COMM             PID    FD     ERR    FNAME           
PROC:    bash             52768  0      0      /usr/bin/mkdir  
PROC:    bash             52768  0      0      /usr/bin/mkdir  
PROC:    bash             52768  0      0      /usr/lib/x86_64-linux-gnu/ld-linux-x86-64.so.2
PROC:    bash             52768  0      0      /usr/lib/x86_64-linux-gnu/ld-linux-x86-64.so.2
PROC:    mkdir            52768  0      0      /etc/ld.so.cache
PROC:    mkdir            52768  0      0      /etc/ld.so.cache
PROC:    mkdir            52768  0      0      /usr/lib/x86_64-linux-gnu/libselinux.so.1
PROC:    mkdir            52768  0      0      /usr/lib/x86_64-linux-gnu/libselinux.so.1
PROC:    mkdir            52768  0      0      /usr/lib/x86_64-linux-gnu/libc.so.6
PROC:    mkdir            52768  0      0      /usr/lib/x86_64-linux-gnu/libc.so.6
PROC:    mkdir            52768  0      0      /usr/lib/x86_64-linux-gnu/libpcre2-8.so.0.10.4
PROC:    mkdir            52768  0      0      /usr/lib/x86_64-linux-gnu/libpcre2-8.so.0.10.4
PROC:    mkdir            52768  0      0      /proc/filesystems
PROC:    bash             52769  0      0      /usr/bin/mount  
PROC:    bash             52769  0      0      /usr/bin/mount  
PROC:    bash             52769  0      0      /usr/lib/x86_64-linux-gnu/ld-linux-x86-64.so.2
PROC:    bash             52769  0      0      /usr/lib/x86_64-linux-gnu/ld-linux-x86-64.so.2
PROC:    mount            52769  0      0      /etc/ld.so.cache
PROC:    mount            52769  0      0      /etc/ld.so.cache
PROC:    mount            52769  0      0      /usr/lib/x86_64-linux-gnu/libmount.so.1.1.0
PROC:    mount            52769  0      0      /usr/lib/x86_64-linux-gnu/libmount.so.1.1.0
PROC:    mount            52769  0      0      /usr/lib/x86_64-linux-gnu/libselinux.so.1
PROC:    mount            52769  0      0      /usr/lib/x86_64-linux-gnu/libselinux.so.1
PROC:    mount            52769  0      0      /usr/lib/x86_64-linux-gnu/libc.so.6
PROC:    mount            52769  0      0      /usr/lib/x86_64-linux-gnu/libc.so.6
PROC:    mount            52769  0      0      /usr/lib/x86_64-linux-gnu/libblkid.so.1.1.0
PROC:    mount            52769  0      0      /usr/lib/x86_64-linux-gnu/libblkid.so.1.1.0
PROC:    mount            52769  0      0      /usr/lib/x86_64-linux-gnu/libpcre2-8.so.0.10.4
PROC:    mount            52769  0      0      /usr/lib/x86_64-linux-gnu/libpcre2-8.so.0.10.4
PROC:    mount            52769  0      0      /proc/filesystems
PROC:    mount            52769  0      0      /dev/sda3       
PROC:    mount            52769  0      0      /sys/devices/pci0000:00/0000:00:10.0/host32/target32:0:0/32:0:0:0/block/sda/sda3
PROC:    mount            52769  0      0      /sys/devices/pci0000:00/0000:00:10.0/host32/target32:0:0/32:0:0:0/block/sda/sda3
PROC:    mount            52769  0      0      /sys/devices/pci0000:00/0000:00:10.0/host32/target32:0:0/32:0:0:0/block/sda/dev
PROC:    mount            52769  0      0      /sys/devices/pci0000:00/0000:00:10.0/host32/target32:0:0/32:0:0:0/block/sda
PROC:    mount            52769  0      0      /dev/sda        
PROC:    mount            52769  0      0      /sys/devices/pci0000:00/0000:00:10.0/host32/target32:0:0/32:0:0:0/block/sda
PROC:    mount            52769  0      0      /sys/devices/pci0000:00/0000:00:10.0/host32/target32:0:0/32:0:0:0/block/sda
PROC:    mount            52769  0      0      /sys/devices/pci0000:00/0000:00:10.0/host32/target32:0:0/32:0:0:0/block/sda/sda3
PROC:    mount            52769  0      0      /sys/devices/pci0000:00/0000:00:10.0/host32/target32:0:0/32:0:0:0/block/sda/sda3/size
PROC:    mount            52769  0      0      /sys/devices/pci0000:00/0000:00:10.0/host32/target32:0:0/32:0:0:0/block/sda/sda3/start
[ERROR] pid: 52769 file/mount error!
PROC:    mount            52769  -1     1      /dev/sda3       
PROC:    bash             52770  0      0      /usr/bin/cat    
PROC:    bash             52770  0      0      /usr/bin/cat    
PROC:    bash             52770  0      0      /usr/lib/x86_64-linux-gnu/ld-linux-x86-64.so.2
PROC:    bash             52770  0      0      /usr/lib/x86_64-linux-gnu/ld-linux-x86-64.so.2
PROC:    cat              52770  0      0      /etc/ld.so.cache
PROC:    cat              52770  0      0      /etc/ld.so.cache
PROC:    cat              52770  0      0      /usr/lib/x86_64-linux-gnu/libc.so.6
PROC:    cat              52770  0      0      /usr/lib/x86_64-linux-gnu/libc.so.6
[ERROR] pid: 52770 file/mount error!
PROC:    cat              52770  -1     1      /etc/shadow     
