[P]PROC  COMM             PID    PID_NS       MNT_NS       CAP              ROOT_INO
[P]PROC  COMM             PID    PID_NS       MNT_NS       CAP              ROOT_INO
PPROC:   cat              46232  [0xf0000368] [0xf0000365] [0xffffffff 1ff] 2642884 
PROC:    cat              45834  [0xf0000368] [0xf0000365] [0xffffffff 1ff] 2642884 
[P]PROC  COMM             PID    PID_NS       MNT_NS       CAP              ROOT_INO
PPROC:   mkdir            46640  [0xf0000368] [0xf0000365] [0xa82425fb 0] 2642882 
PROC:    mkdir            46463  [0xf0000368] [0xf0000365] [0xa82425fb 0] 2642882 
PPROC:   mount            46641  [0xf0000368] [0xf0000365] [0xa82425fb 0] 2642882 
PROC:    mount            46463  [0xf0000368] [0xf0000365] [0xa82425fb 0] 2642882 
[P]PROC  COMM             PID    PID_NS       MNT_NS       CAP              ROOT_INO
PPROC:   mkdir            46958  [0xf0000368] [0xf0000365] [0xa82425fb 0] 2642882 
PROC:    mkdir            46784  [0xf0000368] [0xf0000365] [0xa82425fb 0] 2642882 
PPROC:   mount            46959  [0xf0000368] [0xf0000365] [0xa82425fb 0] 2642882 
PROC:    mount            46784  [0xf0000368] [0xf0000365] [0xa82425fb 0] 2642882 
PPROC:   unshare          47018  [0xf0000368] [0xf0000365] [0xa82425fb 0] 2642882 
PROC:    unshare          46784  [0xf0000368] [0xf0000365] [0xa82425fb 0] 2642882 
PPROC:   bash             47018  [0xf0000368] [0xf0000411] [0xffffffff 1ff] 2642882 
PROC:    bash             46784  [0xf0000368] [0xf0000365] [0xa82425fb 0] 2642882 
PPROC:   ls               47089  [0xf0000368] [0xf0000365] [0xa82425fb 0] 2642882 
PROC:    ls               46784  [0xf0000368] [0xf0000365] [0xa82425fb 0] 2642882 
PPROC:   cat              47090  [0xf0000368] [0xf0000365] [0xa82425fb 0] 2642882 
PROC:    cat              46784  [0xf0000368] [0xf0000365] [0xa82425fb 0] 2642882 
PPROC:   mount            47098  [0xf0000368] [0xf0000365] [0xa82425fb 0] 2642882 
PROC:    mount            46784  [0xf0000368] [0xf0000365] [0xa82425fb 0] 2642882 
[P]PROC  COMM             PID    PID_NS       MNT_NS       CAP              ROOT_INO
PPROC:   mkdir            49934  [0xf0000368] [0xf0000365] [0xa80425fb 0] 2642744 
PROC:    mkdir            49757  [0xf0000368] [0xf0000365] [0xa80425fb 0] 2642744 
PPROC:   mount            49935  [0xf0000368] [0xf0000365] [0xa80425fb 0] 2642744 
PROC:    mount            49757  [0xf0000368] [0xf0000365] [0xa80425fb 0] 2642744 
[P]PROC  COMM             PID    PID_NS       MNT_NS       CAP              ROOT_INO
PPROC:   mkdir            50452  [0xf0000368] [0xf0000365] [0xffffffff 1ff] 2642744 
PROC:    mkdir            50275  [0xf0000368] [0xf0000365] [0xffffffff 1ff] 2642744 
PPROC:   mount            50453  [0xf0000368] [0xf0000365] [0xffffffff 1ff] 2642744 
PROC:    mount            50275  [0xf0000368] [0xf0000365] [0xffffffff 1ff] 2642744 
PPROC:   cat              50458  [0xf0000368] [0xf0000365] [0xffffffff 1ff] 2642744 
PROC:    cat              50275  [0xf0000368] [0xf0000365] [0xffffffff 1ff] 2642744 
PPROC:   ls               50460  [0xf0000368] [0xf0000365] [0xffffffff 1ff] 2642744 
PROC:    ls               50275  [0xf0000368] [0xf0000365] [0xffffffff 1ff] 2642744 
PPROC:   uname            50462  [0xf0000368] [0xf0000365] [0xffffffff 1ff] 2642744 
PROC:    uname            50275  [0xf0000368] [0xf0000365] [0xffffffff 1ff] 2642744 
PPROC:   whoami           50464  [0xf0000368] [0xf0000365] [0xffffffff 1ff] 2642744 
PROC:    whoami           50275  [0xf0000368] [0xf0000365] [0xffffffff 1ff] 2642744 
PPROC:   ls               50466  [0xf0000368] [0xf0000365] [0xffffffff 1ff] 2642744 
PROC:    ls               50275  [0xf0000368] [0xf0000365] [0xffffffff 1ff] 2642744 
PPROC:   ls               50467  [0xf0000368] [0xf0000365] [0xffffffff 1ff] 2642744 
PROC:    ls               50275  [0xf0000368] [0xf0000365] [0xffffffff 1ff] 2642744 
PPROC:   ls               50469  [0xf0000368] [0xf0000365] [0xffffffff 1ff] 2642744 
PROC:    ls               50275  [0xf0000368] [0xf0000365] [0xffffffff 1ff] 2642744 
PPROC:   ls               50470  [0xf0000368] [0xf0000365] [0xffffffff 1ff] 2642744 
PROC:    ls               50275  [0xf0000368] [0xf0000365] [0xffffffff 1ff] 2642744 
PPROC:   ls               50471  [0xf0000368] [0xf0000365] [0xffffffff 1ff] 2642744 
PROC:    ls               50275  [0xf0000368] [0xf0000365] [0xffffffff 1ff] 2642744 
PPROC:   ls               50473  [0xf0000368] [0xf0000365] [0xffffffff 1ff] 2642744 
PROC:    ls               50275  [0xf0000368] [0xf0000365] [0xffffffff 1ff] 2642744 
PPROC:   ls               50474  [0xf0000368] [0xf0000365] [0xffffffff 1ff] 2642744 
PROC:    ls               50275  [0xf0000368] [0xf0000365] [0xffffffff 1ff] 2642744 
PPROC:   cat              50475  [0xf0000368] [0xf0000365] [0xffffffff 1ff] 2642744 
PROC:    cat              50275  [0xf0000368] [0xf0000365] [0xffffffff 1ff] 2642744 
PPROC:   chroot           50477  [0xf0000368] [0xf0000365] [0xffffffff 1ff] 2642744 
PROC:    chroot           50275  [0xf0000368] [0xf0000365] [0xffffffff 1ff] 2642744 
PPROC:   sh               50477  [0xf0000368] [0xf0000365] [0xffffffff 1ff] 2       
PROC:    sh               50275  [0xf0000368] [0xf0000365] [0xffffffff 1ff] 2642744 
PPROC:   cat              50479  [0xf0000368] [0xf0000365] [0xffffffff 1ff] 2       
PROC:    cat              50477  [0xf0000368] [0xf0000365] [0xffffffff 1ff] 2       
PPROC:   whoami           50480  [0xf0000368] [0xf0000365] [0xffffffff 1ff] 2       
PROC:    whoami           50477  [0xf0000368] [0xf0000365] [0xffffffff 1ff] 2       
PPROC:   ls               50481  [0xf0000368] [0xf0000365] [0xffffffff 1ff] 2       
PROC:    ls               50477  [0xf0000368] [0xf0000365] [0xffffffff 1ff] 2       
PPROC:   ls               50482  [0xf0000368] [0xf0000365] [0xffffffff 1ff] 2       
PROC:    ls               50477  [0xf0000368] [0xf0000365] [0xffffffff 1ff] 2       
PPROC:   ls               50483  [0xf0000368] [0xf0000365] [0xffffffff 1ff] 2       
PROC:    ls               50477  [0xf0000368] [0xf0000365] [0xffffffff 1ff] 2       
[P]PROC  COMM             PID    PID_NS       MNT_NS       CAP              ROOT_INO
PPROC:   mkdir            51088  [0xf0000368] [0xf0000365] [0xffffffff 1ff] 2642746 
PROC:    mkdir            50912  [0xf0000368] [0xf0000365] [0xffffffff 1ff] 2642746 
PPROC:   mount            51091  [0xf0000368] [0xf0000365] [0xffffffff 1ff] 2642746 
PROC:    mount            50912  [0xf0000368] [0xf0000365] [0xffffffff 1ff] 2642746 
PPROC:   chroot           51093  [0xf0000368] [0xf0000365] [0xffffffff 1ff] 2642746 
PROC:    chroot           50912  [0xf0000368] [0xf0000365] [0xffffffff 1ff] 2642746 
PPROC:   sh               51093  [0xf0000368] [0xf0000365] [0xffffffff 1ff] 2       
PROC:    sh               50912  [0xf0000368] [0xf0000365] [0xffffffff 1ff] 2642746 
PPROC:   cat              51095  [0xf0000368] [0xf0000365] [0xffffffff 1ff] 2       
PROC:    cat              51093  [0xf0000368] [0xf0000365] [0xffffffff 1ff] 2       
[P]PROC  COMM             PID    PID_NS       MNT_NS       CAP              ROOT_INO
[P]PROC  COMM             PID    PID_NS       MNT_NS       CAP              ROOT_INO
PPROC:   mkdir            52768  [0xf0000368] [0xf0000365] [0xffffffff 1ff] 2642746 
PROC:    mkdir            52590  [0xf0000368] [0xf0000365] [0xffffffff 1ff] 2642746 
PPROC:   mount            52769  [0xf0000368] [0xf0000365] [0xffffffff 1ff] 2642746 
PROC:    mount            52590  [0xf0000368] [0xf0000365] [0xffffffff 1ff] 2642746 
PPROC:   cat              52770  [0xf0000368] [0xf0000365] [0xffffffff 1ff] 2642746 
PROC:    cat              52590  [0xf0000368] [0xf0000365] [0xffffffff 1ff] 2642746 
